<?xml version="1.0" encoding="UTF-8"?>
<!-- Generated by org.testng.reporters.JUnitXMLReporter -->
<testsuite ignored="0" hostname="Andreas-MacBook-Pro.local" failures="0" tests="6" name="Test" time="43.896" errors="0" timestamp="2024-04-21T16:37:22 ART">
  <testcase classname="Edit.EjercicioClase1.AppTest" name="saludo" time="0.008"/>
  <testcase classname="Edit.EjercicioClase1.Clase4" name="login" time="3.105"/>
  <testcase classname="Edit.EjercicioClase1.Clase4" name="CreateOrder" time="2.302"/>
  <testcase classname="Edit.EjercicioClase1.Clase2" name="loginChrome" time="14.558"/>
  <testcase classname="Edit.EjercicioClase1.Clase2" name="loginFirefox" time="10.329"/>
  <testcase classname="Edit.EjercicioClase1.Clase3" name="CreateOrder" time="13.471"/>
</testsuite> <!-- Test -->
